<?xml version="1.0" encoding="UTF-8"?>
<testng-results skipped="0" failed="0" ignored="0" total="3" passed="3">
  <reporter-output>
  </reporter-output>
  <suite name="TestSuite" duration-ms="34157" started-at="2020-06-01T16:58:45Z" finished-at="2020-06-01T16:59:20Z">
    <groups>
    </groups>
    <test name="ChromeTest" duration-ms="17213" started-at="2020-06-01T16:58:45Z" finished-at="2020-06-01T16:59:03Z">
      <class name="base.NavigationTests">
        <test-method status="PASS" signature="setup(java.lang.String)[pri:0, instance:base.NavigationTests@47c62251]" name="setup" is-config="true" duration-ms="4428" started-at="2020-06-01T16:58:45Z" finished-at="2020-06-01T16:58:50Z">
          <params>
            <param index="0">
              <value>
                <![CDATA[Chrome]]>
              </value>
            </param>
          </params>
          <reporter-output>
          </reporter-output>
        </test-method> <!-- setup -->
        <test-method status="PASS" signature="setUp()[pri:0, instance:base.NavigationTests@47c62251]" name="setUp" is-config="true" duration-ms="2130" started-at="2020-06-01T16:58:50Z" finished-at="2020-06-01T16:58:52Z">
          <reporter-output>
          </reporter-output>
        </test-method> <!-- setUp -->
        <test-method status="PASS" signature="beforeMethod()[pri:0, instance:base.NavigationTests@47c62251]" name="beforeMethod" is-config="true" duration-ms="5339" started-at="2020-06-01T16:58:52Z" finished-at="2020-06-01T16:58:57Z">
          <reporter-output>
          </reporter-output>
        </test-method> <!-- beforeMethod -->
        <test-method status="PASS" signature="testNavigator()[pri:0, instance:base.NavigationTests@47c62251]" name="testNavigator" duration-ms="1168" started-at="2020-06-01T16:58:57Z" finished-at="2020-06-01T16:58:58Z">
          <reporter-output>
          </reporter-output>
        </test-method> <!-- testNavigator -->
        <test-method status="PASS" signature="takeScreenshot(org.testng.ITestResult)[pri:0, instance:base.NavigationTests@47c62251]" name="takeScreenshot" is-config="true" duration-ms="349" started-at="2020-06-01T16:58:58Z" finished-at="2020-06-01T16:58:59Z">
          <params>
            <param index="0">
              <value>
                <![CDATA[[TestResult name=testNavigator status=SUCCESS method=NavigationTests.testNavigator()[pri:0, instance:base.NavigationTests@47c62251] output={null}]]]>
              </value>
            </param>
          </params>
          <reporter-output>
          </reporter-output>
        </test-method> <!-- takeScreenshot -->
        <test-method status="PASS" signature="beforeMethod()[pri:0, instance:base.NavigationTests@47c62251]" name="beforeMethod" is-config="true" duration-ms="261" started-at="2020-06-01T16:58:59Z" finished-at="2020-06-01T16:58:59Z">
          <reporter-output>
          </reporter-output>
        </test-method> <!-- beforeMethod -->
        <test-method status="PASS" signature="testSwitchTab()[pri:0, instance:base.NavigationTests@47c62251]" name="testSwitchTab" duration-ms="2572" started-at="2020-06-01T16:58:59Z" finished-at="2020-06-01T16:59:02Z">
          <reporter-output>
          </reporter-output>
        </test-method> <!-- testSwitchTab -->
        <test-method status="PASS" signature="takeScreenshot(org.testng.ITestResult)[pri:0, instance:base.NavigationTests@47c62251]" name="takeScreenshot" is-config="true" duration-ms="271" started-at="2020-06-01T16:59:02Z" finished-at="2020-06-01T16:59:02Z">
          <params>
            <param index="0">
              <value>
                <![CDATA[[TestResult name=testSwitchTab status=SUCCESS method=NavigationTests.testSwitchTab()[pri:0, instance:base.NavigationTests@47c62251] output={null}]]]>
              </value>
            </param>
          </params>
          <reporter-output>
          </reporter-output>
        </test-method> <!-- takeScreenshot -->
        <test-method status="PASS" signature="tearDown()[pri:0, instance:base.NavigationTests@47c62251]" name="tearDown" is-config="true" duration-ms="669" started-at="2020-06-01T16:59:02Z" finished-at="2020-06-01T16:59:03Z">
          <reporter-output>
          </reporter-output>
        </test-method> <!-- tearDown -->
      </class> <!-- base.NavigationTests -->
    </test> <!-- ChromeTest -->
    <test name="FirefoxTest" duration-ms="16918" started-at="2020-06-01T16:59:03Z" finished-at="2020-06-01T16:59:20Z">
      <class name="login.LoginTest">
        <test-method status="PASS" signature="setup(java.lang.String)[pri:0, instance:login.LoginTest@598067a5]" name="setup" is-config="true" duration-ms="6371" started-at="2020-06-01T16:59:03Z" finished-at="2020-06-01T16:59:09Z">
          <params>
            <param index="0">
              <value>
                <![CDATA[Firefox]]>
              </value>
            </param>
          </params>
          <reporter-output>
          </reporter-output>
        </test-method> <!-- setup -->
        <test-method status="PASS" signature="setUp()[pri:0, instance:login.LoginTest@598067a5]" name="setUp" is-config="true" duration-ms="8" started-at="2020-06-01T16:59:09Z" finished-at="2020-06-01T16:59:09Z">
          <reporter-output>
          </reporter-output>
        </test-method> <!-- setUp -->
        <test-method status="PASS" signature="beforeMethod()[pri:0, instance:login.LoginTest@598067a5]" name="beforeMethod" is-config="true" duration-ms="3966" started-at="2020-06-01T16:59:09Z" finished-at="2020-06-01T16:59:13Z">
          <reporter-output>
          </reporter-output>
        </test-method> <!-- beforeMethod -->
        <test-method status="PASS" signature="testSuccessfulLogin(java.lang.String, java.lang.String)[pri:0, instance:login.LoginTest@598067a5]" name="testSuccessfulLogin" duration-ms="1505" started-at="2020-06-01T16:59:13Z" data-provider="Authentication" finished-at="2020-06-01T16:59:14Z">
          <params>
            <param index="0">
              <value>
                <![CDATA[tomsmith]]>
              </value>
            </param>
            <param index="1">
              <value>
                <![CDATA[SuperSecretPassword!]]>
              </value>
            </param>
          </params>
          <reporter-output>
          </reporter-output>
        </test-method> <!-- testSuccessfulLogin -->
        <test-method status="PASS" signature="takeScreenshot(org.testng.ITestResult)[pri:0, instance:login.LoginTest@598067a5]" name="takeScreenshot" is-config="true" duration-ms="99" started-at="2020-06-01T16:59:15Z" finished-at="2020-06-01T16:59:15Z">
          <params>
            <param index="0">
              <value>
                <![CDATA[[TestResult name=testSuccessfulLogin status=SUCCESS method=LoginTest.testSuccessfulLogin(java.lang.String, java.lang.String)[pri:0, instance:login.LoginTest@598067a5] output={null}]]]>
              </value>
            </param>
          </params>
          <reporter-output>
          </reporter-output>
        </test-method> <!-- takeScreenshot -->
        <test-method status="PASS" signature="tearDown()[pri:0, instance:login.LoginTest@598067a5]" name="tearDown" is-config="true" duration-ms="4963" started-at="2020-06-01T16:59:15Z" finished-at="2020-06-01T16:59:20Z">
          <reporter-output>
          </reporter-output>
        </test-method> <!-- tearDown -->
      </class> <!-- login.LoginTest -->
    </test> <!-- FirefoxTest -->
  </suite> <!-- TestSuite -->
</testng-results>
